Arguments: 
  /usr/local/bin/node /usr/local/bin/yarnpkg add react-native-screens@~3.4.0

PATH: 
  /usr/local/bin:/usr/bin:/bin:/usr/sbin:/sbin:/usr/local/share/dotnet:~/.dotnet/tools:/Library/Apple/usr/bin:/Library/Frameworks/Mono.framework/Versions/Current/Commands:/usr/local/lib/node_modules/expo-cli/node_modules/xdl/binaries/osx/adb:/usr/local/lib/node_modules/npm/node_modules/npm-lifecycle/node-gyp-bin:/Users/henripetrelli/Documents/ReactNativeOpenClassroom/ReactNative/MoviesAndMe/node_modules/.bin:/Users/henripetrelli/opt/anaconda3/bin:/Users/henripetrelli/opt/anaconda3/condabin

Yarn version: 
  1.22.15

Node version: 
  14.18.1

Platform: 
  darwin x64

Trace: 
  Error: EACCES: permission denied, unlink '/Users/henripetrelli/Documents/CRNA_MPG/MPG_App/node_modules/.bin/atob'

npm manifest: 
  {
    "main": "node_modules/expo/AppEntry.js",
    "scripts": {
      "start": "expo start",
      "android": "expo start --android",
      "ios": "expo start --ios",
      "web": "expo start --web",
      "eject": "expo eject"
    },
    "dependencies": {
      "@react-navigation/native": "^6.0.6",
      "expo": "~42.0.1",
      "expo-status-bar": "~1.0.4",
      "react": "16.13.1",
      "react-dom": "16.13.1",
      "react-native": "https://github.com/expo/react-native/archive/sdk-42.0.0.tar.gz",
      "react-native-gesture-handler": "^1.10.3",
      "react-native-web": "~0.13.12"
    },
    "devDependencies": {
      "@babel/core": "^7.9.0"
    },
    "private": true
  }

yarn manifest: 
  No manifest

Lockfile: 
  
